
  EPA STORM WATER MANAGEMENT MODEL - VERSION 5.1 (Build 5.1.015)
  --------------------------------------------------------------

  Tutorial Example 
  
  
  *********************************************************
  NOTE: The summary statistics displayed in this report are
  based on results found at every computational time step,  
  not just on results from each reporting time step.
  *********************************************************
  
  ****************
  Analysis Options
  ****************
  Flow Units ............... CFS
  Process Models:
    Rainfall/Runoff ........ YES
    RDII ................... NO
    Snowmelt ............... NO
    Groundwater ............ NO
    Flow Routing ........... YES
    Ponding Allowed ........ NO
    Water Quality .......... NO
  Infiltration Method ...... GREEN_AMPT
  Flow Routing Method ...... KINWAVE
  Starting Date ............ 11/23/2020 00:00:00
  Ending Date .............. 11/23/2020 12:00:00
  Antecedent Dry Days ...... 0.0
  Report Time Step ......... 00:15:00
  Wet Time Step ............ 00:05:00
  Dry Time Step ............ 01:00:00
  Routing Time Step ........ 60.00 sec
  
  
  **************************        Volume         Depth
  Runoff Quantity Continuity     acre-feet        inches
  **************************     ---------       -------
  Total Precipitation ......         3.000         3.000
  Evaporation Loss .........         0.000         0.000
  Infiltration Loss ........         1.750         1.750
  Surface Runoff ...........         1.236         1.236
  Final Storage ............         0.016         0.016
  Continuity Error (%) .....        -0.052
  
  
  **************************        Volume        Volume
  Flow Routing Continuity        acre-feet      10^6 gal
  **************************     ---------     ---------
  Dry Weather Inflow .......         0.000         0.000
  Wet Weather Inflow .......         1.236         0.403
  Groundwater Inflow .......         0.000         0.000
  RDII Inflow ..............         0.000         0.000
  External Inflow ..........         0.000         0.000
  External Outflow .........         1.181         0.385
  Flooding Loss ............         0.055         0.018
  Evaporation Loss .........         0.000         0.000
  Exfiltration Loss ........         0.000         0.000
  Initial Stored Volume ....         0.000         0.000
  Final Stored Volume ......         0.000         0.000
  Continuity Error (%) .....        -0.057
  
  
  ********************************
  Highest Flow Instability Indexes
  ********************************
  Link C4 (1)
  
  
  *************************
  Routing Time Step Summary
  *************************
  Minimum Time Step           :    60.00 sec
  Average Time Step           :    60.00 sec
  Maximum Time Step           :    60.00 sec
  Percent in Steady State     :     0.00
  Average Iterations per Step :     1.64
  Percent Not Converging      :     0.00
  
  
  ***************************
  Subcatchment Runoff Summary
  ***************************
  
  ------------------------------------------------------------------------------------------------------------------------------
                            Total      Total      Total      Total     Imperv       Perv      Total       Total     Peak  Runoff
                           Precip      Runon       Evap      Infil     Runoff     Runoff     Runoff      Runoff   Runoff   Coeff
  Subcatchment                 in         in         in         in         in         in         in    10^6 gal      CFS
  ------------------------------------------------------------------------------------------------------------------------------
  S1                         3.00       0.00       0.00       1.50       1.48       0.00       1.48        0.16     2.02   0.494
  S2                         3.00       0.00       0.00       1.50       1.48       0.00       1.48        0.16     2.02   0.494
  S3                         3.00       0.00       0.00       2.25       0.74       0.00       0.74        0.08     1.01   0.247
  
  
  ******************
  Node Depth Summary
  ******************
  
  ---------------------------------------------------------------------------------
                                 Average  Maximum  Maximum  Time of Max    Reported
                                   Depth    Depth      HGL   Occurrence   Max Depth
  Node                 Type         Feet     Feet     Feet  days hr:min        Feet
  ---------------------------------------------------------------------------------
  J1                   JUNCTION     0.14     0.41    96.41     0  03:01        0.41
  J2                   JUNCTION     0.55     4.00    94.00     0  02:07        4.00
  J3                   JUNCTION     0.10     0.30    93.30     0  03:01        0.30
  J4                   JUNCTION     0.29     1.00    89.00     0  02:13        1.00
  Out1                 OUTFALL      0.22     0.64    85.64     0  02:12        0.62
  
  
  *******************
  Node Inflow Summary
  *******************
  
  -------------------------------------------------------------------------------------------------
                                  Maximum  Maximum                  Lateral       Total        Flow
                                  Lateral    Total  Time of Max      Inflow      Inflow     Balance
                                   Inflow   Inflow   Occurrence      Volume      Volume       Error
  Node                 Type           CFS      CFS  days hr:min    10^6 gal    10^6 gal     Percent
  -------------------------------------------------------------------------------------------------
  J1                   JUNCTION      2.02     2.02     0  03:01       0.161       0.161       0.000
  J2                   JUNCTION      2.02     4.04     0  03:01       0.161       0.322      -0.000
  J3                   JUNCTION      1.01     1.01     0  03:01      0.0806      0.0806       0.000
  J4                   JUNCTION      0.00     4.47     0  02:11           0       0.385       0.000
  Out1                 OUTFALL       0.00     4.46     0  02:12           0       0.385       0.000
  
  
  *********************
  Node Flooding Summary
  *********************
  
  Flooding refers to all water that overflows a node, whether it ponds or not.
  --------------------------------------------------------------------------
                                                             Total   Maximum
                                 Maximum   Time of Max       Flood    Ponded
                        Hours       Rate    Occurrence      Volume    Volume
  Node                 Flooded       CFS   days hr:min    10^6 gal  1000 ft3
  --------------------------------------------------------------------------
  J2                      1.05      0.77      0  03:01       0.018     0.000
  
  
  ***********************
  Outfall Loading Summary
  ***********************
  
  -----------------------------------------------------------
                         Flow       Avg       Max       Total
                         Freq      Flow      Flow      Volume
  Outfall Node           Pcnt       CFS       CFS    10^6 gal
  -----------------------------------------------------------
  Out1                  85.42      1.39      4.46       0.385
  -----------------------------------------------------------
  System                85.42      1.39      4.46       0.385
  
  
  ********************
  Link Flow Summary
  ********************
  
  -----------------------------------------------------------------------------
                                 Maximum  Time of Max   Maximum    Max/    Max/
                                  |Flow|   Occurrence   |Veloc|    Full    Full
  Link                 Type          CFS  days hr:min    ft/sec    Flow   Depth
  -----------------------------------------------------------------------------
  C1                   CONDUIT      2.02     0  03:01      6.64    0.36    0.41
  C2                   CONDUIT      3.51     0  03:09      4.90    1.07    1.00
  C3                   CONDUIT      1.01     0  03:01      5.15    0.20    0.30
  C4                   CONDUIT      4.46     0  02:12      6.24    0.38    0.42
  
  
  *************************
  Conduit Surcharge Summary
  *************************
  
  ----------------------------------------------------------------------------
                                                           Hours        Hours 
                         --------- Hours Full --------   Above Full   Capacity
  Conduit                Both Ends  Upstream  Dnstream   Normal Flow   Limited
  ----------------------------------------------------------------------------
  C2                          1.03      1.03      1.03      1.03         1.03
  

  Analysis begun on:  Fri Nov 27 09:30:16 2020
  Analysis ended on:  Fri Nov 27 09:30:16 2020
  Total elapsed time: < 1 sec