
  EPA STORM WATER MANAGEMENT MODEL - VERSION 5.1 (Build 5.1.015)
  --------------------------------------------------------------

  Tutorial Example 
  
  
  *********************
  Rainfall File Summary
  *********************
  Station    First        Last         Recording   Periods    Periods    Periods
  ID         Date         Date         Frequency  w/Precip    Missing    Malfunc.
  -------------------------------------------------------------------------------
  310301     01/06/1998   01/31/2000      60 min      1131          0          0

  
  *********************************************************
  NOTE: The summary statistics displayed in this report are
  based on results found at every computational time step,  
  not just on results from each reporting time step.
  *********************************************************
  
  ****************
  Analysis Options
  ****************
  Flow Units ............... CFS
  Process Models:
    Rainfall/Runoff ........ YES
    RDII ................... NO
    Snowmelt ............... NO
    Groundwater ............ NO
    Flow Routing ........... YES
    Ponding Allowed ........ NO
    Water Quality .......... YES
  Infiltration Method ...... GREEN_AMPT
  Flow Routing Method ...... KINWAVE
  Starting Date ............ 01/01/1998 00:00:00
  Ending Date .............. 01/01/2000 12:00:00
  Antecedent Dry Days ...... 5.0
  Report Time Step ......... 00:15:00
  Wet Time Step ............ 00:05:00
  Dry Time Step ............ 01:00:00
  Routing Time Step ........ 300.00 sec
  
  
  **************************        Volume         Depth
  Runoff Quantity Continuity     acre-feet        inches
  **************************     ---------       -------
  Total Precipitation ......        65.770        65.770
  Evaporation Loss .........         0.000         0.000
  Infiltration Loss ........        38.355        38.355
  Surface Runoff ...........        27.435        27.435
  Final Storage ............         0.016         0.016
  Continuity Error (%) .....        -0.054
  
  
  **************************           TSS          Lead
  Runoff Quality Continuity            lbs           lbs
  **************************    ----------    ----------
  Initial Buildup ..........        47.500         0.000
  Surface Buildup ..........      5401.847         1.248
  Wet Deposition ...........         0.000         0.000
  Sweeping Removal .........         0.000         0.000
  Infiltration Loss ........         0.000         0.000
  BMP Removal ..............         0.000         0.000
  Surface Runoff ...........      4990.879         1.248
  Remaining Buildup ........       458.469         0.000
  Continuity Error (%) .....         0.000         0.000
  
  
  **************************        Volume        Volume
  Flow Routing Continuity        acre-feet      10^6 gal
  **************************     ---------     ---------
  Dry Weather Inflow .......         0.000         0.000
  Wet Weather Inflow .......        27.435         8.940
  Groundwater Inflow .......         0.000         0.000
  RDII Inflow ..............         0.000         0.000
  External Inflow ..........         0.000         0.000
  External Outflow .........        27.360         8.916
  Flooding Loss ............         0.000         0.000
  Evaporation Loss .........         0.000         0.000
  Exfiltration Loss ........         0.000         0.000
  Initial Stored Volume ....         0.000         0.000
  Final Stored Volume ......         0.000         0.000
  Continuity Error (%) .....         0.273
  
  
  **************************           TSS          Lead
  Quality Routing Continuity           lbs           lbs
  **************************    ----------    ----------
  Dry Weather Inflow .......         0.000         0.000
  Wet Weather Inflow .......      4990.879         1.248
  Groundwater Inflow .......         0.000         0.000
  RDII Inflow ..............         0.000         0.000
  External Inflow ..........         0.000         0.000
  External Outflow .........      4991.602         1.248
  Flooding Loss ............         0.000         0.000
  Exfiltration Loss ........         0.000         0.000
  Mass Reacted .............         0.000         0.000
  Initial Stored Mass ......         0.000         0.000
  Final Stored Mass ........         0.000         0.000
  Continuity Error (%) .....        -0.014        -0.014
  
  
  ********************************
  Highest Flow Instability Indexes
  ********************************
  All links are stable.
  
  
  *************************
  Routing Time Step Summary
  *************************
  Minimum Time Step           :   300.00 sec
  Average Time Step           :   300.00 sec
  Maximum Time Step           :   300.00 sec
  Percent in Steady State     :     0.00
  Average Iterations per Step :     1.10
  Percent Not Converging      :     0.00
  
  
  ***************************
  Subcatchment Runoff Summary
  ***************************
  
  ------------------------------------------------------------------------------------------------------------------------------
                            Total      Total      Total      Total     Imperv       Perv      Total       Total     Peak  Runoff
                           Precip      Runon       Evap      Infil     Runoff     Runoff     Runoff      Runoff   Runoff   Coeff
  Subcatchment                 in         in         in         in         in         in         in    10^6 gal      CFS
  ------------------------------------------------------------------------------------------------------------------------------
  S1                        65.77       0.00       0.00      32.87      32.91       0.01      32.92        3.58     1.42   0.500
  S2                        65.77       0.00       0.00      32.87      32.91       0.01      32.92        3.58     1.42   0.500
  S3                        65.77       0.00       0.00      49.32      16.46       0.01      16.47        1.79     0.78   0.250
  
  
  ****************************
  Subcatchment Washoff Summary
  ****************************
  
  ------------------------------------------------
                                 TSS          Lead
  Subcatchment                   lbs           lbs
  ------------------------------------------------
  S1                        2059.414         0.515
  S2                        2059.414         0.515
  S3                         872.050         0.218
  ------------------------------------------------
  System                    4990.879         1.248
  
  
  ******************
  Node Depth Summary
  ******************
  
  ---------------------------------------------------------------------------------
                                 Average  Maximum  Maximum  Time of Max    Reported
                                   Depth    Depth      HGL   Occurrence   Max Depth
  Node                 Type         Feet     Feet     Feet  days hr:min        Feet
  ---------------------------------------------------------------------------------
  J1                   JUNCTION     0.01     0.34    96.34   108  11:05        0.34
  J2                   JUNCTION     0.01     0.72    90.72   108  11:05        0.71
  J3                   JUNCTION     0.01     0.26    93.26   108  11:05        0.26
  J4                   JUNCTION     0.01     0.72    88.72   108  11:05        0.71
  Out1                 OUTFALL      0.01     0.57    85.57   108  11:05        0.56
  
  
  *******************
  Node Inflow Summary
  *******************
  
  -------------------------------------------------------------------------------------------------
                                  Maximum  Maximum                  Lateral       Total        Flow
                                  Lateral    Total  Time of Max      Inflow      Inflow     Balance
                                   Inflow   Inflow   Occurrence      Volume      Volume       Error
  Node                 Type           CFS      CFS  days hr:min    10^6 gal    10^6 gal     Percent
  -------------------------------------------------------------------------------------------------
  J1                   JUNCTION      1.42     1.42   108  11:05        3.58        3.58       0.000
  J2                   JUNCTION      1.42     2.84   108  11:05        3.58        7.15       0.000
  J3                   JUNCTION      0.78     0.78   108  11:05        1.79        1.79       0.000
  J4                   JUNCTION      0.00     3.60   108  11:05           0        8.93       0.000
  Out1                 OUTFALL       0.00     3.59   108  11:05           0        8.92       0.000
  
  
  *********************
  Node Flooding Summary
  *********************
  
  No nodes were flooded.
  
  
  ***********************
  Outfall Loading Summary
  ***********************
  
  ---------------------------------------------------------------------------------------
                         Flow       Avg       Max       Total         Total         Total
                         Freq      Flow      Flow      Volume           TSS          Lead
  Outfall Node           Pcnt       CFS       CFS    10^6 gal           lbs           lbs
  ---------------------------------------------------------------------------------------
  Out1                  13.15      0.14      3.59       8.915      4991.602         1.248
  ---------------------------------------------------------------------------------------
  System                13.15      0.14      3.59       8.915      4991.602         1.248
  
  
  ********************
  Link Flow Summary
  ********************
  
  -----------------------------------------------------------------------------
                                 Maximum  Time of Max   Maximum    Max/    Max/
                                  |Flow|   Occurrence   |Veloc|    Full    Full
  Link                 Type          CFS  days hr:min    ft/sec    Flow   Depth
  -----------------------------------------------------------------------------
  C1                   CONDUIT      1.42   108  11:05      6.00    0.25    0.34
  C2                   CONDUIT      2.83   108  11:05      4.73    0.86    0.72
  C3                   CONDUIT      0.77   108  11:05      4.72    0.15    0.26
  C4                   CONDUIT      3.59   108  11:05      5.86    0.30    0.38
  
  
  *************************
  Conduit Surcharge Summary
  *************************
  
  No conduits were surcharged.
  
  
  ***************************
  Link Pollutant Load Summary
  ***************************
  
  ------------------------------------------------
                                 TSS          Lead
  Link                           lbs           lbs
  ------------------------------------------------
  C1                        2065.662         0.516
  C2                        4133.758         1.033
  C3                         871.251         0.218
  C4                        4991.602         1.248
  

  Analysis begun on:  Mon Nov 23 01:33:12 2020
  Analysis ended on:  Mon Nov 23 01:33:14 2020
  Total elapsed time: 00:00:02